----------

Mon Jul 19 2021 21:49:48 GMT-0400 (Eastern Daylight Time)

warning: LF will be replaced by CRLF in Design Page.html.
The file will have its original line endings in your working directory
warning: LF will be replaced by CRLF in assets/bootstrap/css/bootstrap.min.css.
The file will have its original line endings in your working directory
warning: LF will be replaced by CRLF in assets/bootstrap/js/bootstrap.min.js.
The file will have its original line endings in your working directory
warning: LF will be replaced by CRLF in assets/css/Animated-CSS-Waves-Background-SVG.css.
The file will have its original line endings in your working directory
warning: LF will be replaced by CRLF in assets/css/Footer-Basic.css.
The file will have its original line endings in your working directory
warning: LF will be replaced by CRLF in assets/css/Header-Blue.css.
The file will have its original line endings in your working directory
warning: LF will be replaced by CRLF in assets/css/Navigation-with-Search.css.
The file will have its original line endings in your working directory
warning: LF will be replaced by CRLF in assets/css/Simple-Slider.css.
The file will have its original line endings in your working directory
warning: LF will be replaced by CRLF in assets/css/styles.css.
The file will have its original line endings in your working directory
warning: LF will be replaced by CRLF in assets/fonts/ionicons.min.css.
The file will have its original line endings in your working directory
warning: LF will be replaced by CRLF in assets/fonts/ionicons.svg.
The file will have its original line endings in your working directory
warning: LF will be replaced by CRLF in assets/js/--mp---Testimonials-Slider.js.
The file will have its original line endings in your working directory
warning: LF will be replaced by CRLF in assets/js/Simple-Slider.js.
The file will have its original line endings in your working directory
warning: LF will be replaced by CRLF in assets/js/bs-init.js.
The file will have its original line endings in your working directory
warning: LF will be replaced by CRLF in index.html.
The file will have its original line endings in your working directory


----------

Mon Jul 19 2021 21:49:55 GMT-0400 (Eastern Daylight Time)

To https://github.com/rithikasilva/rithikasilva.github.io
   e09c1b3..b3e4c7d  main -> main


